0 info it worked if it ends with ok
1 verbose cli [ '/usr/bin/node', '/usr/bin/npm', 'install' ]
2 info using npm@1.4.28
3 info using node@v0.10.37
4 verbose node symlink /usr/bin/node
5 verbose readDependencies using package.json deps
6 verbose install where, deps [ '/home/ld/workspace/angular-seed',
6 verbose install   [ 'bower',
6 verbose install     'http-server',
6 verbose install     'jasmine-core',
6 verbose install     'karma',
6 verbose install     'karma-chrome-launcher',
6 verbose install     'karma-firefox-launcher',
6 verbose install     'karma-jasmine',
6 verbose install     'karma-junit-reporter',
6 verbose install     'protractor',
6 verbose install     'shelljs' ] ]
7 info preinstall angular-seed@0.0.0
8 verbose readDependencies using package.json deps
9 verbose cache add [ 'http-server@^0.6.1', null ]
10 verbose cache add name=undefined spec="http-server@^0.6.1" args=["http-server@^0.6.1",null]
11 verbose parsed url { protocol: null,
11 verbose parsed url   slashes: null,
11 verbose parsed url   auth: null,
11 verbose parsed url   host: null,
11 verbose parsed url   port: null,
11 verbose parsed url   hostname: null,
11 verbose parsed url   hash: null,
11 verbose parsed url   search: null,
11 verbose parsed url   query: null,
11 verbose parsed url   pathname: 'http-server@^0.6.1',
11 verbose parsed url   path: 'http-server@^0.6.1',
11 verbose parsed url   href: 'http-server@^0.6.1' }
12 verbose cache add [ 'jasmine-core@^2.3.4', null ]
13 verbose cache add name=undefined spec="jasmine-core@^2.3.4" args=["jasmine-core@^2.3.4",null]
14 verbose parsed url { protocol: null,
14 verbose parsed url   slashes: null,
14 verbose parsed url   auth: null,
14 verbose parsed url   host: null,
14 verbose parsed url   port: null,
14 verbose parsed url   hostname: null,
14 verbose parsed url   hash: null,
14 verbose parsed url   search: null,
14 verbose parsed url   query: null,
14 verbose parsed url   pathname: 'jasmine-core@^2.3.4',
14 verbose parsed url   path: 'jasmine-core@^2.3.4',
14 verbose parsed url   href: 'jasmine-core@^2.3.4' }
15 verbose cache add name="http-server" spec="^0.6.1" args=["http-server","^0.6.1"]
16 verbose parsed url { protocol: null,
16 verbose parsed url   slashes: null,
16 verbose parsed url   auth: null,
16 verbose parsed url   host: null,
16 verbose parsed url   port: null,
16 verbose parsed url   hostname: null,
16 verbose parsed url   hash: null,
16 verbose parsed url   search: null,
16 verbose parsed url   query: null,
16 verbose parsed url   pathname: '^0.6.1',
16 verbose parsed url   path: '^0.6.1',
16 verbose parsed url   href: '^0.6.1' }
17 verbose addNamed [ 'http-server', '^0.6.1' ]
18 verbose addNamed [ null, '>=0.6.1-0 <0.7.0-0' ]
19 verbose cache add [ 'karma@~0.12', null ]
20 verbose cache add name=undefined spec="karma@~0.12" args=["karma@~0.12",null]
21 verbose parsed url { protocol: null,
21 verbose parsed url   slashes: null,
21 verbose parsed url   auth: null,
21 verbose parsed url   host: null,
21 verbose parsed url   port: null,
21 verbose parsed url   hostname: null,
21 verbose parsed url   hash: null,
21 verbose parsed url   search: null,
21 verbose parsed url   query: null,
21 verbose parsed url   pathname: 'karma@~0.12',
21 verbose parsed url   path: 'karma@~0.12',
21 verbose parsed url   href: 'karma@~0.12' }
22 verbose cache add name="jasmine-core" spec="^2.3.4" args=["jasmine-core","^2.3.4"]
23 verbose parsed url { protocol: null,
23 verbose parsed url   slashes: null,
23 verbose parsed url   auth: null,
23 verbose parsed url   host: null,
23 verbose parsed url   port: null,
23 verbose parsed url   hostname: null,
23 verbose parsed url   hash: null,
23 verbose parsed url   search: null,
23 verbose parsed url   query: null,
23 verbose parsed url   pathname: '^2.3.4',
23 verbose parsed url   path: '^2.3.4',
23 verbose parsed url   href: '^2.3.4' }
24 verbose addNamed [ 'jasmine-core', '^2.3.4' ]
25 verbose addNamed [ null, '>=2.3.4-0 <3.0.0-0' ]
26 silly lockFile e7eeaefd-http-server-0-6-1 http-server@^0.6.1
27 verbose lock http-server@^0.6.1 /home/ld/.npm/e7eeaefd-http-server-0-6-1.lock
28 silly lockFile a159a41e-jasmine-core-2-3-4 jasmine-core@^2.3.4
29 verbose lock jasmine-core@^2.3.4 /home/ld/.npm/a159a41e-jasmine-core-2-3-4.lock
30 verbose cache add [ 'karma-chrome-launcher@^0.1.12', null ]
31 verbose cache add name=undefined spec="karma-chrome-launcher@^0.1.12" args=["karma-chrome-launcher@^0.1.12",null]
32 verbose parsed url { protocol: null,
32 verbose parsed url   slashes: null,
32 verbose parsed url   auth: null,
32 verbose parsed url   host: null,
32 verbose parsed url   port: null,
32 verbose parsed url   hostname: null,
32 verbose parsed url   hash: null,
32 verbose parsed url   search: null,
32 verbose parsed url   query: null,
32 verbose parsed url   pathname: 'karma-chrome-launcher@^0.1.12',
32 verbose parsed url   path: 'karma-chrome-launcher@^0.1.12',
32 verbose parsed url   href: 'karma-chrome-launcher@^0.1.12' }
33 verbose cache add name="karma" spec="~0.12" args=["karma","~0.12"]
34 verbose parsed url { protocol: null,
34 verbose parsed url   slashes: null,
34 verbose parsed url   auth: null,
34 verbose parsed url   host: null,
34 verbose parsed url   port: null,
34 verbose parsed url   hostname: null,
34 verbose parsed url   hash: null,
34 verbose parsed url   search: null,
34 verbose parsed url   query: null,
34 verbose parsed url   pathname: '~0.12',
34 verbose parsed url   path: '~0.12',
34 verbose parsed url   href: '~0.12' }
35 verbose addNamed [ 'karma', '~0.12' ]
36 verbose addNamed [ null, '>=0.12.0-0 <0.13.0-0' ]
37 silly lockFile 0424ac46-karma-0-12 karma@~0.12
38 verbose lock karma@~0.12 /home/ld/.npm/0424ac46-karma-0-12.lock
39 verbose cache add [ 'karma-firefox-launcher@^0.1.6', null ]
40 verbose cache add name=undefined spec="karma-firefox-launcher@^0.1.6" args=["karma-firefox-launcher@^0.1.6",null]
41 verbose parsed url { protocol: null,
41 verbose parsed url   slashes: null,
41 verbose parsed url   auth: null,
41 verbose parsed url   host: null,
41 verbose parsed url   port: null,
41 verbose parsed url   hostname: null,
41 verbose parsed url   hash: null,
41 verbose parsed url   search: null,
41 verbose parsed url   query: null,
41 verbose parsed url   pathname: 'karma-firefox-launcher@^0.1.6',
41 verbose parsed url   path: 'karma-firefox-launcher@^0.1.6',
41 verbose parsed url   href: 'karma-firefox-launcher@^0.1.6' }
42 verbose cache add name="karma-chrome-launcher" spec="^0.1.12" args=["karma-chrome-launcher","^0.1.12"]
43 verbose parsed url { protocol: null,
43 verbose parsed url   slashes: null,
43 verbose parsed url   auth: null,
43 verbose parsed url   host: null,
43 verbose parsed url   port: null,
43 verbose parsed url   hostname: null,
43 verbose parsed url   hash: null,
43 verbose parsed url   search: null,
43 verbose parsed url   query: null,
43 verbose parsed url   pathname: '^0.1.12',
43 verbose parsed url   path: '^0.1.12',
43 verbose parsed url   href: '^0.1.12' }
44 verbose addNamed [ 'karma-chrome-launcher', '^0.1.12' ]
45 verbose addNamed [ null, '>=0.1.12-0 <0.2.0-0' ]
46 silly lockFile c327aa21-karma-chrome-launcher-0-1-12 karma-chrome-launcher@^0.1.12
47 verbose lock karma-chrome-launcher@^0.1.12 /home/ld/.npm/c327aa21-karma-chrome-launcher-0-1-12.lock
48 verbose cache add [ 'karma-jasmine@^0.3.5', null ]
49 verbose cache add name=undefined spec="karma-jasmine@^0.3.5" args=["karma-jasmine@^0.3.5",null]
50 verbose parsed url { protocol: null,
50 verbose parsed url   slashes: null,
50 verbose parsed url   auth: null,
50 verbose parsed url   host: null,
50 verbose parsed url   port: null,
50 verbose parsed url   hostname: null,
50 verbose parsed url   hash: null,
50 verbose parsed url   search: null,
50 verbose parsed url   query: null,
50 verbose parsed url   pathname: 'karma-jasmine@^0.3.5',
50 verbose parsed url   path: 'karma-jasmine@^0.3.5',
50 verbose parsed url   href: 'karma-jasmine@^0.3.5' }
51 verbose cache add name="karma-firefox-launcher" spec="^0.1.6" args=["karma-firefox-launcher","^0.1.6"]
52 verbose parsed url { protocol: null,
52 verbose parsed url   slashes: null,
52 verbose parsed url   auth: null,
52 verbose parsed url   host: null,
52 verbose parsed url   port: null,
52 verbose parsed url   hostname: null,
52 verbose parsed url   hash: null,
52 verbose parsed url   search: null,
52 verbose parsed url   query: null,
52 verbose parsed url   pathname: '^0.1.6',
52 verbose parsed url   path: '^0.1.6',
52 verbose parsed url   href: '^0.1.6' }
53 verbose addNamed [ 'karma-firefox-launcher', '^0.1.6' ]
54 verbose addNamed [ null, '>=0.1.6-0 <0.2.0-0' ]
55 silly lockFile 9f4d8121-karma-firefox-launcher-0-1-6 karma-firefox-launcher@^0.1.6
56 verbose lock karma-firefox-launcher@^0.1.6 /home/ld/.npm/9f4d8121-karma-firefox-launcher-0-1-6.lock
57 verbose cache add [ 'karma-junit-reporter@^0.2.2', null ]
58 verbose cache add name=undefined spec="karma-junit-reporter@^0.2.2" args=["karma-junit-reporter@^0.2.2",null]
59 verbose parsed url { protocol: null,
59 verbose parsed url   slashes: null,
59 verbose parsed url   auth: null,
59 verbose parsed url   host: null,
59 verbose parsed url   port: null,
59 verbose parsed url   hostname: null,
59 verbose parsed url   hash: null,
59 verbose parsed url   search: null,
59 verbose parsed url   query: null,
59 verbose parsed url   pathname: 'karma-junit-reporter@^0.2.2',
59 verbose parsed url   path: 'karma-junit-reporter@^0.2.2',
59 verbose parsed url   href: 'karma-junit-reporter@^0.2.2' }
60 verbose cache add [ 'protractor@^2.1.0', null ]
61 verbose cache add name=undefined spec="protractor@^2.1.0" args=["protractor@^2.1.0",null]
62 verbose parsed url { protocol: null,
62 verbose parsed url   slashes: null,
62 verbose parsed url   auth: null,
62 verbose parsed url   host: null,
62 verbose parsed url   port: null,
62 verbose parsed url   hostname: null,
62 verbose parsed url   hash: null,
62 verbose parsed url   search: null,
62 verbose parsed url   query: null,
62 verbose parsed url   pathname: 'protractor@^2.1.0',
62 verbose parsed url   path: 'protractor@^2.1.0',
62 verbose parsed url   href: 'protractor@^2.1.0' }
63 verbose cache add [ 'shelljs@^0.2.6', null ]
64 verbose cache add name=undefined spec="shelljs@^0.2.6" args=["shelljs@^0.2.6",null]
65 verbose parsed url { protocol: null,
65 verbose parsed url   slashes: null,
65 verbose parsed url   auth: null,
65 verbose parsed url   host: null,
65 verbose parsed url   port: null,
65 verbose parsed url   hostname: null,
65 verbose parsed url   hash: null,
65 verbose parsed url   search: null,
65 verbose parsed url   query: null,
65 verbose parsed url   pathname: 'shelljs@^0.2.6',
65 verbose parsed url   path: 'shelljs@^0.2.6',
65 verbose parsed url   href: 'shelljs@^0.2.6' }
66 verbose cache add [ 'bower@^1.3.1', null ]
67 verbose cache add name=undefined spec="bower@^1.3.1" args=["bower@^1.3.1",null]
68 verbose parsed url { protocol: null,
68 verbose parsed url   slashes: null,
68 verbose parsed url   auth: null,
68 verbose parsed url   host: null,
68 verbose parsed url   port: null,
68 verbose parsed url   hostname: null,
68 verbose parsed url   hash: null,
68 verbose parsed url   search: null,
68 verbose parsed url   query: null,
68 verbose parsed url   pathname: 'bower@^1.3.1',
68 verbose parsed url   path: 'bower@^1.3.1',
68 verbose parsed url   href: 'bower@^1.3.1' }
69 verbose cache add name="karma-jasmine" spec="^0.3.5" args=["karma-jasmine","^0.3.5"]
70 verbose parsed url { protocol: null,
70 verbose parsed url   slashes: null,
70 verbose parsed url   auth: null,
70 verbose parsed url   host: null,
70 verbose parsed url   port: null,
70 verbose parsed url   hostname: null,
70 verbose parsed url   hash: null,
70 verbose parsed url   search: null,
70 verbose parsed url   query: null,
70 verbose parsed url   pathname: '^0.3.5',
70 verbose parsed url   path: '^0.3.5',
70 verbose parsed url   href: '^0.3.5' }
71 verbose addNamed [ 'karma-jasmine', '^0.3.5' ]
72 verbose addNamed [ null, '>=0.3.5-0 <0.4.0-0' ]
73 silly lockFile b0acc008-karma-jasmine-0-3-5 karma-jasmine@^0.3.5
74 verbose lock karma-jasmine@^0.3.5 /home/ld/.npm/b0acc008-karma-jasmine-0-3-5.lock
75 verbose cache add name="karma-junit-reporter" spec="^0.2.2" args=["karma-junit-reporter","^0.2.2"]
76 verbose parsed url { protocol: null,
76 verbose parsed url   slashes: null,
76 verbose parsed url   auth: null,
76 verbose parsed url   host: null,
76 verbose parsed url   port: null,
76 verbose parsed url   hostname: null,
76 verbose parsed url   hash: null,
76 verbose parsed url   search: null,
76 verbose parsed url   query: null,
76 verbose parsed url   pathname: '^0.2.2',
76 verbose parsed url   path: '^0.2.2',
76 verbose parsed url   href: '^0.2.2' }
77 verbose addNamed [ 'karma-junit-reporter', '^0.2.2' ]
78 verbose addNamed [ null, '>=0.2.2-0 <0.3.0-0' ]
79 silly lockFile 6934e75d-karma-junit-reporter-0-2-2 karma-junit-reporter@^0.2.2
80 verbose lock karma-junit-reporter@^0.2.2 /home/ld/.npm/6934e75d-karma-junit-reporter-0-2-2.lock
81 verbose cache add name="protractor" spec="^2.1.0" args=["protractor","^2.1.0"]
82 verbose parsed url { protocol: null,
82 verbose parsed url   slashes: null,
82 verbose parsed url   auth: null,
82 verbose parsed url   host: null,
82 verbose parsed url   port: null,
82 verbose parsed url   hostname: null,
82 verbose parsed url   hash: null,
82 verbose parsed url   search: null,
82 verbose parsed url   query: null,
82 verbose parsed url   pathname: '^2.1.0',
82 verbose parsed url   path: '^2.1.0',
82 verbose parsed url   href: '^2.1.0' }
83 verbose addNamed [ 'protractor', '^2.1.0' ]
84 verbose addNamed [ null, '>=2.1.0-0 <3.0.0-0' ]
85 silly lockFile 1d3f6f46-protractor-2-1-0 protractor@^2.1.0
86 verbose lock protractor@^2.1.0 /home/ld/.npm/1d3f6f46-protractor-2-1-0.lock
87 verbose cache add name="shelljs" spec="^0.2.6" args=["shelljs","^0.2.6"]
88 verbose parsed url { protocol: null,
88 verbose parsed url   slashes: null,
88 verbose parsed url   auth: null,
88 verbose parsed url   host: null,
88 verbose parsed url   port: null,
88 verbose parsed url   hostname: null,
88 verbose parsed url   hash: null,
88 verbose parsed url   search: null,
88 verbose parsed url   query: null,
88 verbose parsed url   pathname: '^0.2.6',
88 verbose parsed url   path: '^0.2.6',
88 verbose parsed url   href: '^0.2.6' }
89 verbose addNamed [ 'shelljs', '^0.2.6' ]
90 verbose addNamed [ null, '>=0.2.6-0 <0.3.0-0' ]
91 silly lockFile cdaabbbd-shelljs-0-2-6 shelljs@^0.2.6
92 verbose lock shelljs@^0.2.6 /home/ld/.npm/cdaabbbd-shelljs-0-2-6.lock
93 verbose cache add name="bower" spec="^1.3.1" args=["bower","^1.3.1"]
94 verbose parsed url { protocol: null,
94 verbose parsed url   slashes: null,
94 verbose parsed url   auth: null,
94 verbose parsed url   host: null,
94 verbose parsed url   port: null,
94 verbose parsed url   hostname: null,
94 verbose parsed url   hash: null,
94 verbose parsed url   search: null,
94 verbose parsed url   query: null,
94 verbose parsed url   pathname: '^1.3.1',
94 verbose parsed url   path: '^1.3.1',
94 verbose parsed url   href: '^1.3.1' }
95 verbose addNamed [ 'bower', '^1.3.1' ]
96 verbose addNamed [ null, '>=1.3.1-0 <2.0.0-0' ]
97 silly lockFile 7c83895e-bower-1-3-1 bower@^1.3.1
98 verbose lock bower@^1.3.1 /home/ld/.npm/7c83895e-bower-1-3-1.lock
99 silly addNameRange { name: 'http-server',
99 silly addNameRange   range: '>=0.6.1-0 <0.7.0-0',
99 silly addNameRange   hasData: false }
100 silly addNameRange { name: 'jasmine-core',
100 silly addNameRange   range: '>=2.3.4-0 <3.0.0-0',
100 silly addNameRange   hasData: false }
101 silly addNameRange { name: 'karma-firefox-launcher',
101 silly addNameRange   range: '>=0.1.6-0 <0.2.0-0',
101 silly addNameRange   hasData: false }
102 silly addNameRange { name: 'karma-chrome-launcher',
102 silly addNameRange   range: '>=0.1.12-0 <0.2.0-0',
102 silly addNameRange   hasData: false }
103 silly addNameRange { name: 'karma', range: '>=0.12.0-0 <0.13.0-0', hasData: false }
104 verbose request where is /http-server
105 verbose request registry https://registry.npmjs.org/
106 verbose request id 2759b1434c32af46
107 verbose url raw /http-server
108 verbose url resolving [ 'https://registry.npmjs.org/', './http-server' ]
109 verbose url resolved https://registry.npmjs.org/http-server
110 verbose request where is https://registry.npmjs.org/http-server
111 info trying registry request attempt 1 at 20:16:31
112 http GET https://registry.npmjs.org/http-server
113 silly addNameRange { name: 'karma-jasmine',
113 silly addNameRange   range: '>=0.3.5-0 <0.4.0-0',
113 silly addNameRange   hasData: false }
114 verbose request where is /jasmine-core
115 verbose request registry https://registry.npmjs.org/
116 verbose url raw /jasmine-core
117 verbose url resolving [ 'https://registry.npmjs.org/', './jasmine-core' ]
118 verbose url resolved https://registry.npmjs.org/jasmine-core
119 verbose request where is https://registry.npmjs.org/jasmine-core
120 info trying registry request attempt 1 at 20:16:31
121 http GET https://registry.npmjs.org/jasmine-core
122 silly addNameRange { name: 'karma-junit-reporter',
122 silly addNameRange   range: '>=0.2.2-0 <0.3.0-0',
122 silly addNameRange   hasData: false }
123 silly addNameRange { name: 'protractor',
123 silly addNameRange   range: '>=2.1.0-0 <3.0.0-0',
123 silly addNameRange   hasData: false }
124 silly addNameRange { name: 'shelljs', range: '>=0.2.6-0 <0.3.0-0', hasData: false }
125 silly addNameRange { name: 'bower', range: '>=1.3.1-0 <2.0.0-0', hasData: false }
126 verbose request where is /karma-firefox-launcher
127 verbose request registry https://registry.npmjs.org/
128 verbose url raw /karma-firefox-launcher
129 verbose url resolving [ 'https://registry.npmjs.org/', './karma-firefox-launcher' ]
130 verbose url resolved https://registry.npmjs.org/karma-firefox-launcher
131 verbose request where is https://registry.npmjs.org/karma-firefox-launcher
132 info trying registry request attempt 1 at 20:16:31
133 http GET https://registry.npmjs.org/karma-firefox-launcher
134 verbose request where is /karma-chrome-launcher
135 verbose request registry https://registry.npmjs.org/
136 verbose url raw /karma-chrome-launcher
137 verbose url resolving [ 'https://registry.npmjs.org/', './karma-chrome-launcher' ]
138 verbose url resolved https://registry.npmjs.org/karma-chrome-launcher
139 verbose request where is https://registry.npmjs.org/karma-chrome-launcher
140 info trying registry request attempt 1 at 20:16:31
141 http GET https://registry.npmjs.org/karma-chrome-launcher
142 verbose request where is /karma-jasmine
143 verbose request registry https://registry.npmjs.org/
144 verbose url raw /karma-jasmine
145 verbose url resolving [ 'https://registry.npmjs.org/', './karma-jasmine' ]
146 verbose url resolved https://registry.npmjs.org/karma-jasmine
147 verbose request where is https://registry.npmjs.org/karma-jasmine
148 info trying registry request attempt 1 at 20:16:31
149 http GET https://registry.npmjs.org/karma-jasmine
150 verbose request where is /karma-junit-reporter
151 verbose request registry https://registry.npmjs.org/
152 verbose url raw /karma-junit-reporter
153 verbose url resolving [ 'https://registry.npmjs.org/', './karma-junit-reporter' ]
154 verbose url resolved https://registry.npmjs.org/karma-junit-reporter
155 verbose request where is https://registry.npmjs.org/karma-junit-reporter
156 info trying registry request attempt 1 at 20:16:31
157 http GET https://registry.npmjs.org/karma-junit-reporter
158 verbose request where is /protractor
159 verbose request registry https://registry.npmjs.org/
160 verbose url raw /protractor
161 verbose url resolving [ 'https://registry.npmjs.org/', './protractor' ]
162 verbose url resolved https://registry.npmjs.org/protractor
163 verbose request where is https://registry.npmjs.org/protractor
164 info trying registry request attempt 1 at 20:16:31
165 http GET https://registry.npmjs.org/protractor
166 verbose request where is /shelljs
167 verbose request registry https://registry.npmjs.org/
168 verbose url raw /shelljs
169 verbose url resolving [ 'https://registry.npmjs.org/', './shelljs' ]
170 verbose url resolved https://registry.npmjs.org/shelljs
171 verbose request where is https://registry.npmjs.org/shelljs
172 info trying registry request attempt 1 at 20:16:31
173 verbose etag "7KWFASEZ590AMOKDRK8GGBDTE"
174 http GET https://registry.npmjs.org/shelljs
175 verbose request where is /bower
176 verbose request registry https://registry.npmjs.org/
177 verbose url raw /bower
178 verbose url resolving [ 'https://registry.npmjs.org/', './bower' ]
179 verbose url resolved https://registry.npmjs.org/bower
180 verbose request where is https://registry.npmjs.org/bower
181 info trying registry request attempt 1 at 20:16:31
182 verbose etag "C859G7FDR7DRN2DE1KHPU9K98"
183 http GET https://registry.npmjs.org/bower
184 verbose request where is /karma
185 verbose request registry https://registry.npmjs.org/
186 verbose url raw /karma
187 verbose url resolving [ 'https://registry.npmjs.org/', './karma' ]
188 verbose url resolved https://registry.npmjs.org/karma
189 verbose request where is https://registry.npmjs.org/karma
190 info trying registry request attempt 1 at 20:16:31
191 verbose etag "1PZ82SBFEFP6NQQDD6JLWKUYY"
192 http GET https://registry.npmjs.org/karma
193 http 200 https://registry.npmjs.org/karma-firefox-launcher
194 silly registry.get cb [ 200,
194 silly registry.get   { server: 'CouchDB/1.5.0 (Erlang OTP/R16B03)',
194 silly registry.get     etag: '"4TQFNZ3WTRRUSSGSRO59LH8DX"',
194 silly registry.get     'content-type': 'application/json',
194 silly registry.get     'cache-control': 'max-age=60',
194 silly registry.get     'content-length': '19580',
194 silly registry.get     'accept-ranges': 'bytes',
194 silly registry.get     date: 'Thu, 09 Jul 2015 12:16:32 GMT',
194 silly registry.get     via: '1.1 varnish',
194 silly registry.get     age: '0',
194 silly registry.get     connection: 'keep-alive',
194 silly registry.get     'x-served-by': 'cache-nrt6127-NRT',
194 silly registry.get     'x-cache': 'HIT',
194 silly registry.get     'x-cache-hits': '1',
194 silly registry.get     'x-timer': 'S1436444192.271259,VS0,VE100',
194 silly registry.get     vary: 'Accept' } ]
195 http 200 https://registry.npmjs.org/karma-jasmine
196 silly registry.get cb [ 200,
196 silly registry.get   { server: 'CouchDB/1.5.0 (Erlang OTP/R16B03)',
196 silly registry.get     etag: '"86QZTJFKQWA7461WO9QAL7Y6A"',
196 silly registry.get     'content-type': 'application/json',
196 silly registry.get     'cache-control': 'max-age=60',
196 silly registry.get     'content-length': '35201',
196 silly registry.get     'accept-ranges': 'bytes',
196 silly registry.get     date: 'Thu, 09 Jul 2015 12:16:32 GMT',
196 silly registry.get     via: '1.1 varnish',
196 silly registry.get     age: '0',
196 silly registry.get     connection: 'keep-alive',
196 silly registry.get     'x-served-by': 'cache-nrt6120-NRT',
196 silly registry.get     'x-cache': 'HIT',
196 silly registry.get     'x-cache-hits': '1',
196 silly registry.get     'x-timer': 'S1436444192.269083,VS0,VE112',
196 silly registry.get     vary: 'Accept' } ]
197 http 200 https://registry.npmjs.org/karma-chrome-launcher
198 silly registry.get cb [ 200,
198 silly registry.get   { server: 'CouchDB/1.5.0 (Erlang OTP/R16B03)',
198 silly registry.get     etag: '"43X0F14BKTWQP5Y7LWALKU9AB"',
198 silly registry.get     'content-type': 'application/json',
198 silly registry.get     'cache-control': 'max-age=60',
198 silly registry.get     'content-length': '30178',
198 silly registry.get     'accept-ranges': 'bytes',
198 silly registry.get     date: 'Thu, 09 Jul 2015 12:16:32 GMT',
198 silly registry.get     via: '1.1 varnish',
198 silly registry.get     age: '0',
198 silly registry.get     connection: 'keep-alive',
198 silly registry.get     'x-served-by': 'cache-nrt6128-NRT',
198 silly registry.get     'x-cache': 'HIT',
198 silly registry.get     'x-cache-hits': '1',
198 silly registry.get     'x-timer': 'S1436444192.270658,VS0,VE121',
198 silly registry.get     vary: 'Accept' } ]
199 silly addNameRange number 2 { name: 'karma-firefox-launcher',
199 silly addNameRange   range: '>=0.1.6-0 <0.2.0-0',
199 silly addNameRange   hasData: true }
200 silly addNameRange versions [ 'karma-firefox-launcher',
200 silly addNameRange   [ '0.0.1',
200 silly addNameRange     '0.0.2',
200 silly addNameRange     '0.0.3',
200 silly addNameRange     '0.1.0',
200 silly addNameRange     '0.1.1',
200 silly addNameRange     '0.1.2',
200 silly addNameRange     '0.1.3',
200 silly addNameRange     '0.1.4',
200 silly addNameRange     '0.1.5',
200 silly addNameRange     '0.1.6' ] ]
201 verbose addNamed [ 'karma-firefox-launcher', '0.1.6' ]
202 verbose addNamed [ '0.1.6', '0.1.6' ]
203 silly lockFile 38b37ef9-karma-firefox-launcher-0-1-6 karma-firefox-launcher@0.1.6
204 verbose lock karma-firefox-launcher@0.1.6 /home/ld/.npm/38b37ef9-karma-firefox-launcher-0-1-6.lock
205 silly lockFile 1ac3ef93-karma-firefox-launcher-0-1-6-tgz https://registry.npmjs.org/karma-firefox-launcher/-/karma-firefox-launcher-0.1.6.tgz
206 verbose lock https://registry.npmjs.org/karma-firefox-launcher/-/karma-firefox-launcher-0.1.6.tgz /home/ld/.npm/1ac3ef93-karma-firefox-launcher-0-1-6-tgz.lock
207 verbose addRemoteTarball [ 'https://registry.npmjs.org/karma-firefox-launcher/-/karma-firefox-launcher-0.1.6.tgz',
207 verbose addRemoteTarball   'e5e8336c35e9f2c87dcadd06c8ec568d06530b55' ]
208 silly addNameRange number 2 { name: 'karma-jasmine',
208 silly addNameRange   range: '>=0.3.5-0 <0.4.0-0',
208 silly addNameRange   hasData: true }
209 silly addNameRange versions [ 'karma-jasmine',
209 silly addNameRange   [ '0.0.1',
209 silly addNameRange     '0.0.2',
209 silly addNameRange     '0.0.3',
209 silly addNameRange     '0.1.0',
209 silly addNameRange     '0.1.1',
209 silly addNameRange     '0.1.2',
209 silly addNameRange     '0.1.3',
209 silly addNameRange     '0.1.4',
209 silly addNameRange     '0.1.5',
209 silly addNameRange     '0.2.0',
209 silly addNameRange     '0.2.1',
209 silly addNameRange     '0.2.2',
209 silly addNameRange     '0.2.3',
209 silly addNameRange     '0.3.0',
209 silly addNameRange     '0.3.1',
209 silly addNameRange     '0.3.2',
209 silly addNameRange     '0.3.3',
209 silly addNameRange     '0.3.4',
209 silly addNameRange     '0.3.5',
209 silly addNameRange     '0.3.6' ] ]
210 verbose addNamed [ 'karma-jasmine', '0.3.6' ]
211 verbose addNamed [ '0.3.6', '0.3.6' ]
212 silly lockFile 2fa33a7d-karma-jasmine-0-3-6 karma-jasmine@0.3.6
213 verbose lock karma-jasmine@0.3.6 /home/ld/.npm/2fa33a7d-karma-jasmine-0-3-6.lock
214 silly addNameRange number 2 { name: 'karma-chrome-launcher',
214 silly addNameRange   range: '>=0.1.12-0 <0.2.0-0',
214 silly addNameRange   hasData: true }
215 silly addNameRange versions [ 'karma-chrome-launcher',
215 silly addNameRange   [ '0.0.1',
215 silly addNameRange     '0.0.2',
215 silly addNameRange     '0.1.0',
215 silly addNameRange     '0.1.1',
215 silly addNameRange     '0.1.2',
215 silly addNameRange     '0.1.3',
215 silly addNameRange     '0.1.4',
215 silly addNameRange     '0.1.5',
215 silly addNameRange     '0.1.6',
215 silly addNameRange     '0.1.7',
215 silly addNameRange     '0.1.8',
215 silly addNameRange     '0.1.9',
215 silly addNameRange     '0.1.10',
215 silly addNameRange     '0.1.11',
215 silly addNameRange     '0.1.12',
215 silly addNameRange     '0.2.0' ] ]
216 verbose addNamed [ 'karma-chrome-launcher', '0.1.12' ]
217 verbose addNamed [ '0.1.12', '0.1.12' ]
218 silly lockFile f5f807cc-karma-chrome-launcher-0-1-12 karma-chrome-launcher@0.1.12
219 verbose lock karma-chrome-launcher@0.1.12 /home/ld/.npm/f5f807cc-karma-chrome-launcher-0-1-12.lock
220 silly lockFile 270ccf06--jasmine-karma-jasmine-0-3-6-tgz https://registry.npmjs.org/karma-jasmine/-/karma-jasmine-0.3.6.tgz
221 verbose lock https://registry.npmjs.org/karma-jasmine/-/karma-jasmine-0.3.6.tgz /home/ld/.npm/270ccf06--jasmine-karma-jasmine-0-3-6-tgz.lock
222 info retry fetch attempt 1 at 20:16:32
223 verbose fetch to= /tmp/npm-7884-f4ORyAWs/registry.npmjs.org/karma-firefox-launcher/-/karma-firefox-launcher-0.1.6.tgz
224 silly lockFile 334a7490-karma-chrome-launcher-0-1-12-tgz https://registry.npmjs.org/karma-chrome-launcher/-/karma-chrome-launcher-0.1.12.tgz
225 verbose lock https://registry.npmjs.org/karma-chrome-launcher/-/karma-chrome-launcher-0.1.12.tgz /home/ld/.npm/334a7490-karma-chrome-launcher-0-1-12-tgz.lock
226 verbose addRemoteTarball [ 'https://registry.npmjs.org/karma-jasmine/-/karma-jasmine-0.3.6.tgz',
226 verbose addRemoteTarball   'ddcc34413ac0405aa34ce29ff472e957420b857a' ]
227 http GET https://registry.npmjs.org/karma-firefox-launcher/-/karma-firefox-launcher-0.1.6.tgz
228 verbose addRemoteTarball [ 'https://registry.npmjs.org/karma-chrome-launcher/-/karma-chrome-launcher-0.1.12.tgz',
228 verbose addRemoteTarball   '0ac0e22e573650f6541312fdca795c3824ccf962' ]
229 info retry fetch attempt 1 at 20:16:32
230 verbose fetch to= /tmp/npm-7884-f4ORyAWs/registry.npmjs.org/karma-jasmine/-/karma-jasmine-0.3.6.tgz
231 info retry fetch attempt 1 at 20:16:32
232 verbose fetch to= /tmp/npm-7884-f4ORyAWs/registry.npmjs.org/karma-chrome-launcher/-/karma-chrome-launcher-0.1.12.tgz
233 http GET https://registry.npmjs.org/karma-jasmine/-/karma-jasmine-0.3.6.tgz
234 http GET https://registry.npmjs.org/karma-chrome-launcher/-/karma-chrome-launcher-0.1.12.tgz
235 http 200 https://registry.npmjs.org/jasmine-core
236 silly registry.get cb [ 200,
236 silly registry.get   { server: 'CouchDB/1.5.0 (Erlang OTP/R16B03)',
236 silly registry.get     etag: '"1TZCO7A1HQY0JQEXPXM87UKUF"',
236 silly registry.get     'content-type': 'application/json',
236 silly registry.get     'cache-control': 'max-age=60',
236 silly registry.get     'content-length': '19599',
236 silly registry.get     'accept-ranges': 'bytes',
236 silly registry.get     date: 'Thu, 09 Jul 2015 12:16:32 GMT',
236 silly registry.get     via: '1.1 varnish',
236 silly registry.get     age: '0',
236 silly registry.get     connection: 'keep-alive',
236 silly registry.get     'x-served-by': 'cache-nrt6120-NRT',
236 silly registry.get     'x-cache': 'HIT',
236 silly registry.get     'x-cache-hits': '1',
236 silly registry.get     'x-timer': 'S1436444192.262611,VS0,VE175',
236 silly registry.get     vary: 'Accept' } ]
237 silly addNameRange number 2 { name: 'jasmine-core',
237 silly addNameRange   range: '>=2.3.4-0 <3.0.0-0',
237 silly addNameRange   hasData: true }
238 silly addNameRange versions [ 'jasmine-core',
238 silly addNameRange   [ '2.0.0',
238 silly addNameRange     '2.0.1',
238 silly addNameRange     '2.0.4',
238 silly addNameRange     '2.1.0',
238 silly addNameRange     '2.1.1',
238 silly addNameRange     '2.1.2',
238 silly addNameRange     '2.1.3',
238 silly addNameRange     '2.2.0',
238 silly addNameRange     '2.3.0',
238 silly addNameRange     '2.3.2',
238 silly addNameRange     '2.3.3',
238 silly addNameRange     '2.3.4' ] ]
239 verbose addNamed [ 'jasmine-core', '2.3.4' ]
240 verbose addNamed [ '2.3.4', '2.3.4' ]
241 silly lockFile c7eacfd7-jasmine-core-2-3-4 jasmine-core@2.3.4
242 verbose lock jasmine-core@2.3.4 /home/ld/.npm/c7eacfd7-jasmine-core-2-3-4.lock
243 silly lockFile 8285a521-mine-core-jasmine-core-2-3-4-tgz https://registry.npmjs.org/jasmine-core/-/jasmine-core-2.3.4.tgz
244 verbose lock https://registry.npmjs.org/jasmine-core/-/jasmine-core-2.3.4.tgz /home/ld/.npm/8285a521-mine-core-jasmine-core-2-3-4-tgz.lock
245 verbose addRemoteTarball [ 'https://registry.npmjs.org/jasmine-core/-/jasmine-core-2.3.4.tgz',
245 verbose addRemoteTarball   'ad772662b32d16c564ee25c863edae1d65a038f2' ]
246 info retry fetch attempt 1 at 20:16:32
247 verbose fetch to= /tmp/npm-7884-f4ORyAWs/registry.npmjs.org/jasmine-core/-/jasmine-core-2.3.4.tgz
248 http GET https://registry.npmjs.org/jasmine-core/-/jasmine-core-2.3.4.tgz
249 http 304 https://registry.npmjs.org/shelljs
250 silly registry.get cb [ 304,
250 silly registry.get   { date: 'Thu, 09 Jul 2015 12:16:32 GMT',
250 silly registry.get     via: '1.1 varnish',
250 silly registry.get     'cache-control': 'max-age=60',
250 silly registry.get     etag: '"7KWFASEZ590AMOKDRK8GGBDTE"',
250 silly registry.get     age: '45',
250 silly registry.get     connection: 'keep-alive',
250 silly registry.get     'x-served-by': 'cache-nrt6128-NRT',
250 silly registry.get     'x-cache': 'HIT',
250 silly registry.get     'x-cache-hits': '1',
250 silly registry.get     'x-timer': 'S1436444192.644226,VS0,VE0',
250 silly registry.get     vary: 'Accept' } ]
251 verbose etag https://registry.npmjs.org/shelljs from cache
252 silly addNameRange number 2 { name: 'shelljs', range: '>=0.2.6-0 <0.3.0-0', hasData: true }
253 silly addNameRange versions [ 'shelljs',
253 silly addNameRange   [ '0.0.1',
253 silly addNameRange     '0.0.2',
253 silly addNameRange     '0.0.3',
253 silly addNameRange     '0.0.4',
253 silly addNameRange     '0.0.5',
253 silly addNameRange     '0.0.6',
253 silly addNameRange     '0.0.7',
253 silly addNameRange     '0.0.8',
253 silly addNameRange     '0.0.9',
253 silly addNameRange     '0.1.0',
253 silly addNameRange     '0.1.1',
253 silly addNameRange     '0.1.2',
253 silly addNameRange     '0.1.3',
253 silly addNameRange     '0.1.4',
253 silly addNameRange     '0.2.0',
253 silly addNameRange     '0.2.1',
253 silly addNameRange     '0.2.2',
253 silly addNameRange     '0.2.3',
253 silly addNameRange     '0.2.4',
253 silly addNameRange     '0.2.5',
253 silly addNameRange     '0.2.6',
253 silly addNameRange     '0.3.0',
253 silly addNameRange     '0.4.0',
253 silly addNameRange     '0.5.0',
253 silly addNameRange     '0.5.1',
253 silly addNameRange     '0.0.1-alpha1',
253 silly addNameRange     '0.0.2-pre1',
253 silly addNameRange     '0.0.4-pre1',
253 silly addNameRange     '0.0.5-pre1',
253 silly addNameRange     '0.0.5-pre2',
253 silly addNameRange     '0.0.5-pre3',
253 silly addNameRange     '0.0.5-pre4',
253 silly addNameRange     '0.0.6-pre1',
253 silly addNameRange     '0.0.6-pre2' ] ]
254 verbose addNamed [ 'shelljs', '0.2.6' ]
255 verbose addNamed [ '0.2.6', '0.2.6' ]
256 silly lockFile 542b9617-shelljs-0-2-6 shelljs@0.2.6
257 verbose lock shelljs@0.2.6 /home/ld/.npm/542b9617-shelljs-0-2-6.lock
258 silly lockFile dde8a805-js-org-shelljs-shelljs-0-2-6-tgz https://registry.npmjs.org/shelljs/-/shelljs-0.2.6.tgz
259 verbose lock https://registry.npmjs.org/shelljs/-/shelljs-0.2.6.tgz /home/ld/.npm/dde8a805-js-org-shelljs-shelljs-0-2-6-tgz.lock
260 verbose addRemoteTarball [ 'https://registry.npmjs.org/shelljs/-/shelljs-0.2.6.tgz',
260 verbose addRemoteTarball   '90492d72ffcc8159976baba62fb0f6884f0c3378' ]
261 info retry fetch attempt 1 at 20:16:32
262 verbose fetch to= /tmp/npm-7884-f4ORyAWs/registry.npmjs.org/shelljs/-/shelljs-0.2.6.tgz
263 http GET https://registry.npmjs.org/shelljs/-/shelljs-0.2.6.tgz
264 http 200 https://registry.npmjs.org/karma-chrome-launcher/-/karma-chrome-launcher-0.1.12.tgz
265 http 200 https://registry.npmjs.org/karma-jasmine/-/karma-jasmine-0.3.6.tgz
266 silly lockFile 334a7490-karma-chrome-launcher-0-1-12-tgz https://registry.npmjs.org/karma-chrome-launcher/-/karma-chrome-launcher-0.1.12.tgz
267 silly lockFile 334a7490-karma-chrome-launcher-0-1-12-tgz https://registry.npmjs.org/karma-chrome-launcher/-/karma-chrome-launcher-0.1.12.tgz
268 silly lockFile f5f807cc-karma-chrome-launcher-0-1-12 karma-chrome-launcher@0.1.12
269 silly lockFile f5f807cc-karma-chrome-launcher-0-1-12 karma-chrome-launcher@0.1.12
270 silly lockFile c327aa21-karma-chrome-launcher-0-1-12 karma-chrome-launcher@^0.1.12
271 silly lockFile c327aa21-karma-chrome-launcher-0-1-12 karma-chrome-launcher@^0.1.12
272 silly lockFile 270ccf06--jasmine-karma-jasmine-0-3-6-tgz https://registry.npmjs.org/karma-jasmine/-/karma-jasmine-0.3.6.tgz
273 silly lockFile 270ccf06--jasmine-karma-jasmine-0-3-6-tgz https://registry.npmjs.org/karma-jasmine/-/karma-jasmine-0.3.6.tgz
274 silly lockFile 2fa33a7d-karma-jasmine-0-3-6 karma-jasmine@0.3.6
275 silly lockFile 2fa33a7d-karma-jasmine-0-3-6 karma-jasmine@0.3.6
276 silly lockFile b0acc008-karma-jasmine-0-3-5 karma-jasmine@^0.3.5
277 silly lockFile b0acc008-karma-jasmine-0-3-5 karma-jasmine@^0.3.5
278 http 200 https://registry.npmjs.org/karma-firefox-launcher/-/karma-firefox-launcher-0.1.6.tgz
279 silly lockFile 1ac3ef93-karma-firefox-launcher-0-1-6-tgz https://registry.npmjs.org/karma-firefox-launcher/-/karma-firefox-launcher-0.1.6.tgz
280 silly lockFile 1ac3ef93-karma-firefox-launcher-0-1-6-tgz https://registry.npmjs.org/karma-firefox-launcher/-/karma-firefox-launcher-0.1.6.tgz
281 silly lockFile 38b37ef9-karma-firefox-launcher-0-1-6 karma-firefox-launcher@0.1.6
282 silly lockFile 38b37ef9-karma-firefox-launcher-0-1-6 karma-firefox-launcher@0.1.6
283 silly lockFile 9f4d8121-karma-firefox-launcher-0-1-6 karma-firefox-launcher@^0.1.6
284 silly lockFile 9f4d8121-karma-firefox-launcher-0-1-6 karma-firefox-launcher@^0.1.6
285 http 200 https://registry.npmjs.org/bower
286 silly registry.get cb [ 200,
286 silly registry.get   { server: 'CouchDB/1.5.0 (Erlang OTP/R16B03)',
286 silly registry.get     etag: '"AAO6T055NQ700CZJYO7KWWFW"',
286 silly registry.get     'content-type': 'application/json',
286 silly registry.get     'cache-control': 'max-age=60',
286 silly registry.get     'content-length': '112565',
286 silly registry.get     'accept-ranges': 'bytes',
286 silly registry.get     date: 'Thu, 09 Jul 2015 12:16:32 GMT',
286 silly registry.get     via: '1.1 varnish',
286 silly registry.get     age: '0',
286 silly registry.get     connection: 'keep-alive',
286 silly registry.get     'x-served-by': 'cache-nrt6120-NRT',
286 silly registry.get     'x-cache': 'HIT',
286 silly registry.get     'x-cache-hits': '1',
286 silly registry.get     'x-timer': 'S1436444192.720739,VS0,VE124',
286 silly registry.get     vary: 'Accept' } ]
287 silly addNameRange number 2 { name: 'bower', range: '>=1.3.1-0 <2.0.0-0', hasData: true }
288 silly addNameRange versions [ 'bower',
288 silly addNameRange   [ '0.1.0',
288 silly addNameRange     '0.1.2',
288 silly addNameRange     '0.1.3',
288 silly addNameRange     '0.2.0',
288 silly addNameRange     '0.3.0',
288 silly addNameRange     '0.3.1',
288 silly addNameRange     '0.3.2',
288 silly addNameRange     '0.4.0',
288 silly addNameRange     '0.5.0',
288 silly addNameRange     '0.5.1',
288 silly addNameRange     '0.6.0',
288 silly addNameRange     '0.6.1',
288 silly addNameRange     '0.6.2',
288 silly addNameRange     '0.6.3',
288 silly addNameRange     '0.6.4',
288 silly addNameRange     '0.6.5',
288 silly addNameRange     '0.6.6',
288 silly addNameRange     '0.6.7',
288 silly addNameRange     '0.6.8',
288 silly addNameRange     '0.7.0',
288 silly addNameRange     '0.7.1',
288 silly addNameRange     '0.8.0',
288 silly addNameRange     '0.8.1',
288 silly addNameRange     '0.8.2',
288 silly addNameRange     '0.8.3',
288 silly addNameRange     '0.8.4',
288 silly addNameRange     '0.8.5',
288 silly addNameRange     '0.8.6',
288 silly addNameRange     '0.9.0',
288 silly addNameRange     '0.9.1',
288 silly addNameRange     '0.9.2',
288 silly addNameRange     '0.10.0',
288 silly addNameRange     '1.0.0',
288 silly addNameRange     '1.0.1',
288 silly addNameRange     '1.0.2',
288 silly addNameRange     '1.0.3',
288 silly addNameRange     '1.1.0',
288 silly addNameRange     '1.1.1',
288 silly addNameRange     '1.1.2',
288 silly addNameRange     '1.2.0',
288 silly addNameRange     '1.2.1',
288 silly addNameRange     '1.2.2',
288 silly addNameRange     '1.2.3',
288 silly addNameRange     '1.2.4',
288 silly addNameRange     '1.2.5',
288 silly addNameRange     '1.2.6',
288 silly addNameRange     '1.2.7',
288 silly addNameRange     '1.2.8',
288 silly addNameRange     '1.3.0',
288 silly addNameRange     '1.3.1',
288 silly addNameRange     '1.3.2',
288 silly addNameRange     '1.3.3',
288 silly addNameRange     '1.3.4',
288 silly addNameRange     '1.3.5',
288 silly addNameRange     '1.3.6',
288 silly addNameRange     '1.3.7',
288 silly addNameRange     '1.3.8',
288 silly addNameRange     '1.3.9',
288 silly addNameRange     '1.3.10',
288 silly addNameRange     '1.3.11',
288 silly addNameRange     '1.3.12',
288 silly addNameRange     '1.4.0',
288 silly addNameRange     '1.4.1' ] ]
289 verbose addNamed [ 'bower', '1.4.1' ]
290 verbose addNamed [ '1.4.1', '1.4.1' ]
291 silly lockFile 185f46c0-bower-1-4-1 bower@1.4.1
292 verbose lock bower@1.4.1 /home/ld/.npm/185f46c0-bower-1-4-1.lock
293 silly lockFile 185f46c0-bower-1-4-1 bower@1.4.1
294 silly lockFile 185f46c0-bower-1-4-1 bower@1.4.1
295 silly lockFile 7c83895e-bower-1-3-1 bower@^1.3.1
296 silly lockFile 7c83895e-bower-1-3-1 bower@^1.3.1
297 http 200 https://registry.npmjs.org/http-server
298 silly registry.get cb [ 200,
298 silly registry.get   { server: 'CouchDB/1.5.0 (Erlang OTP/R16B03)',
298 silly registry.get     etag: '"R1OANS0SDNMZQZX2P46CD3HQ"',
298 silly registry.get     'content-type': 'application/json',
298 silly registry.get     'cache-control': 'max-age=60',
298 silly registry.get     'content-length': '44964',
298 silly registry.get     'accept-ranges': 'bytes',
298 silly registry.get     date: 'Thu, 09 Jul 2015 12:16:32 GMT',
298 silly registry.get     via: '1.1 varnish',
298 silly registry.get     age: '0',
298 silly registry.get     connection: 'keep-alive',
298 silly registry.get     'x-served-by': 'cache-nrt6123-NRT',
298 silly registry.get     'x-cache': 'HIT',
298 silly registry.get     'x-cache-hits': '1',
298 silly registry.get     'x-timer': 'S1436444192.252678,VS0,VE712',
298 silly registry.get     vary: 'Accept' } ]
299 silly addNameRange number 2 { name: 'http-server',
299 silly addNameRange   range: '>=0.6.1-0 <0.7.0-0',
299 silly addNameRange   hasData: true }
300 silly addNameRange versions [ 'http-server',
300 silly addNameRange   [ '0.1.0',
300 silly addNameRange     '0.1.1',
300 silly addNameRange     '0.1.3',
300 silly addNameRange     '0.2.1',
300 silly addNameRange     '0.2.2',
300 silly addNameRange     '0.2.3',
300 silly addNameRange     '0.2.4',
300 silly addNameRange     '0.2.5',
300 silly addNameRange     '0.2.6',
300 silly addNameRange     '0.2.9',
300 silly addNameRange     '0.3.0',
300 silly addNameRange     '0.4.0',
300 silly addNameRange     '0.4.1',
300 silly addNameRange     '0.5.0',
300 silly addNameRange     '0.5.1',
300 silly addNameRange     '0.5.2',
300 silly addNameRange     '0.5.3',
300 silly addNameRange     '0.5.5',
300 silly addNameRange     '0.6.0',
300 silly addNameRange     '0.6.1',
300 silly addNameRange     '0.7.0',
300 silly addNameRange     '0.7.1',
300 silly addNameRange     '0.7.2',
300 silly addNameRange     '0.7.3',
300 silly addNameRange     '0.7.4',
300 silly addNameRange     '0.7.5',
300 silly addNameRange     '0.8.0' ] ]
301 verbose addNamed [ 'http-server', '0.6.1' ]
302 verbose addNamed [ '0.6.1', '0.6.1' ]
303 silly lockFile 1e2b2518-http-server-0-6-1 http-server@0.6.1
304 verbose lock http-server@0.6.1 /home/ld/.npm/1e2b2518-http-server-0-6-1.lock
305 silly lockFile c3f4b4b6-ttp-server-http-server-0-6-1-tgz https://registry.npmjs.org/http-server/-/http-server-0.6.1.tgz
306 verbose lock https://registry.npmjs.org/http-server/-/http-server-0.6.1.tgz /home/ld/.npm/c3f4b4b6-ttp-server-http-server-0-6-1-tgz.lock
307 verbose addRemoteTarball [ 'https://registry.npmjs.org/http-server/-/http-server-0.6.1.tgz',
307 verbose addRemoteTarball   '06fce65cf2bd4132a578bdac62ffacb97d613981' ]
308 info retry fetch attempt 1 at 20:16:33
309 verbose fetch to= /tmp/npm-7884-f4ORyAWs/registry.npmjs.org/http-server/-/http-server-0.6.1.tgz
310 http GET https://registry.npmjs.org/http-server/-/http-server-0.6.1.tgz
311 http 200 https://registry.npmjs.org/jasmine-core/-/jasmine-core-2.3.4.tgz
312 http 200 https://registry.npmjs.org/karma-junit-reporter
313 silly registry.get cb [ 200,
313 silly registry.get   { server: 'CouchDB/1.5.0 (Erlang OTP/R16B03)',
313 silly registry.get     etag: '"7N42V9MFKHNUGIR5BPQU3R4D8"',
313 silly registry.get     'content-type': 'application/json',
313 silly registry.get     'cache-control': 'max-age=60',
313 silly registry.get     'content-length': '11697',
313 silly registry.get     'accept-ranges': 'bytes',
313 silly registry.get     date: 'Thu, 09 Jul 2015 12:16:33 GMT',
313 silly registry.get     via: '1.1 varnish',
313 silly registry.get     age: '0',
313 silly registry.get     connection: 'keep-alive',
313 silly registry.get     'x-served-by': 'cache-nrt6127-NRT',
313 silly registry.get     'x-cache': 'HIT',
313 silly registry.get     'x-cache-hits': '1',
313 silly registry.get     'x-timer': 'S1436444192.631871,VS0,VE716',
313 silly registry.get     vary: 'Accept' } ]
314 silly addNameRange number 2 { name: 'karma-junit-reporter',
314 silly addNameRange   range: '>=0.2.2-0 <0.3.0-0',
314 silly addNameRange   hasData: true }
315 silly addNameRange versions [ 'karma-junit-reporter',
315 silly addNameRange   [ '0.0.1', '0.0.2', '0.1.0', '0.2.1', '0.2.2', '0.3.0' ] ]
316 verbose addNamed [ 'karma-junit-reporter', '0.2.2' ]
317 verbose addNamed [ '0.2.2', '0.2.2' ]
318 silly lockFile 9c865114-karma-junit-reporter-0-2-2 karma-junit-reporter@0.2.2
319 verbose lock karma-junit-reporter@0.2.2 /home/ld/.npm/9c865114-karma-junit-reporter-0-2-2.lock
320 silly lockFile d2d30e51-r-karma-junit-reporter-0-2-2-tgz https://registry.npmjs.org/karma-junit-reporter/-/karma-junit-reporter-0.2.2.tgz
321 verbose lock https://registry.npmjs.org/karma-junit-reporter/-/karma-junit-reporter-0.2.2.tgz /home/ld/.npm/d2d30e51-r-karma-junit-reporter-0-2-2-tgz.lock
322 verbose addRemoteTarball [ 'https://registry.npmjs.org/karma-junit-reporter/-/karma-junit-reporter-0.2.2.tgz',
322 verbose addRemoteTarball   '4cdd4e21affd3e090e7ba73e3c766ea9e13c45ba' ]
323 info retry fetch attempt 1 at 20:16:33
324 verbose fetch to= /tmp/npm-7884-f4ORyAWs/registry.npmjs.org/karma-junit-reporter/-/karma-junit-reporter-0.2.2.tgz
325 http GET https://registry.npmjs.org/karma-junit-reporter/-/karma-junit-reporter-0.2.2.tgz
326 silly lockFile 8285a521-mine-core-jasmine-core-2-3-4-tgz https://registry.npmjs.org/jasmine-core/-/jasmine-core-2.3.4.tgz
327 silly lockFile 8285a521-mine-core-jasmine-core-2-3-4-tgz https://registry.npmjs.org/jasmine-core/-/jasmine-core-2.3.4.tgz
328 silly lockFile c7eacfd7-jasmine-core-2-3-4 jasmine-core@2.3.4
329 silly lockFile c7eacfd7-jasmine-core-2-3-4 jasmine-core@2.3.4
330 silly lockFile a159a41e-jasmine-core-2-3-4 jasmine-core@^2.3.4
331 silly lockFile a159a41e-jasmine-core-2-3-4 jasmine-core@^2.3.4
332 http 200 https://registry.npmjs.org/shelljs/-/shelljs-0.2.6.tgz
333 silly lockFile dde8a805-js-org-shelljs-shelljs-0-2-6-tgz https://registry.npmjs.org/shelljs/-/shelljs-0.2.6.tgz
334 silly lockFile dde8a805-js-org-shelljs-shelljs-0-2-6-tgz https://registry.npmjs.org/shelljs/-/shelljs-0.2.6.tgz
335 silly lockFile 542b9617-shelljs-0-2-6 shelljs@0.2.6
336 silly lockFile 542b9617-shelljs-0-2-6 shelljs@0.2.6
337 silly lockFile cdaabbbd-shelljs-0-2-6 shelljs@^0.2.6
338 silly lockFile cdaabbbd-shelljs-0-2-6 shelljs@^0.2.6
339 http 200 https://registry.npmjs.org/protractor
340 silly registry.get cb [ 200,
340 silly registry.get   { server: 'CouchDB/1.5.0 (Erlang OTP/R16B03)',
340 silly registry.get     etag: '"B5G5BERVU2YPZK15043X017JA"',
340 silly registry.get     'content-type': 'application/json',
340 silly registry.get     'cache-control': 'max-age=60',
340 silly registry.get     'content-length': '88008',
340 silly registry.get     'accept-ranges': 'bytes',
340 silly registry.get     date: 'Thu, 09 Jul 2015 12:16:33 GMT',
340 silly registry.get     via: '1.1 varnish',
340 silly registry.get     age: '0',
340 silly registry.get     connection: 'keep-alive',
340 silly registry.get     'x-served-by': 'cache-nrt6120-NRT',
340 silly registry.get     'x-cache': 'HIT',
340 silly registry.get     'x-cache-hits': '1',
340 silly registry.get     'x-timer': 'S1436444192.634550,VS0,VE707',
340 silly registry.get     vary: 'Accept' } ]
341 silly addNameRange number 2 { name: 'protractor',
341 silly addNameRange   range: '>=2.1.0-0 <3.0.0-0',
341 silly addNameRange   hasData: true }
342 silly addNameRange versions [ 'protractor',
342 silly addNameRange   [ '0.1.0',
342 silly addNameRange     '0.1.1',
342 silly addNameRange     '0.1.2',
342 silly addNameRange     '0.1.3',
342 silly addNameRange     '0.2.0',
342 silly addNameRange     '0.2.1',
342 silly addNameRange     '0.3.0',
342 silly addNameRange     '0.4.0',
342 silly addNameRange     '0.4.1',
342 silly addNameRange     '0.5.0',
342 silly addNameRange     '0.6.1',
342 silly addNameRange     '0.7.0',
342 silly addNameRange     '0.8.0',
342 silly addNameRange     '0.9.0',
342 silly addNameRange     '0.10.0',
342 silly addNameRange     '0.11.0',
342 silly addNameRange     '0.12.0',
342 silly addNameRange     '0.12.1',
342 silly addNameRange     '0.13.0',
342 silly addNameRange     '0.14.0',
342 silly addNameRange     '0.15.0',
342 silly addNameRange     '0.16.0',
342 silly addNameRange     '0.16.1',
342 silly addNameRange     '0.17.0',
342 silly addNameRange     '0.18.0',
342 silly addNameRange     '0.18.1',
342 silly addNameRange     '0.19.0',
342 silly addNameRange     '0.20.0',
342 silly addNameRange     '0.20.1',
342 silly addNameRange     '0.21.0',
342 silly addNameRange     '0.22.0',
342 silly addNameRange     '0.23.0',
342 silly addNameRange     '0.23.1',
342 silly addNameRange     '0.24.0',
342 silly addNameRange     '0.24.1',
342 silly addNameRange     '0.24.2',
342 silly addNameRange     '1.0.0-rc1',
342 silly addNameRange     '1.0.0-rc2',
342 silly addNameRange     '1.0.0-rc3',
342 silly addNameRange     '1.0.0-rc4',
342 silly addNameRange     '1.0.0-rc5',
342 silly addNameRange     '1.0.0-rc6',
342 silly addNameRange     '1.0.0',
342 silly addNameRange     '1.1.0',
342 silly addNameRange     '1.1.1',
342 silly addNameRange     '1.2.0-beta1',
342 silly addNameRange     '1.2.0',
342 silly addNameRange     '1.3.0',
342 silly addNameRange     '1.3.1',
342 silly addNameRange     '1.4.0',
342 silly addNameRange     '1.5.0',
342 silly addNameRange     '1.6.0',
342 silly addNameRange     '1.6.1',
342 silly addNameRange     '1.7.0',
342 silly addNameRange     '1.8.0',
342 silly addNameRange     '2.0.0',
342 silly addNameRange     '2.1.0' ] ]
343 verbose addNamed [ 'protractor', '2.1.0' ]
344 verbose addNamed [ '2.1.0', '2.1.0' ]
345 silly lockFile fbf5a15e-protractor-2-1-0 protractor@2.1.0
346 verbose lock protractor@2.1.0 /home/ld/.npm/fbf5a15e-protractor-2-1-0.lock
347 silly lockFile e85f7be5--protractor-protractor-2-1-0-tgz https://registry.npmjs.org/protractor/-/protractor-2.1.0.tgz
348 verbose lock https://registry.npmjs.org/protractor/-/protractor-2.1.0.tgz /home/ld/.npm/e85f7be5--protractor-protractor-2-1-0-tgz.lock
349 verbose addRemoteTarball [ 'https://registry.npmjs.org/protractor/-/protractor-2.1.0.tgz',
349 verbose addRemoteTarball   'f876ac7604826eaeda39b5e49b5fb7f487067c3f' ]
350 info retry fetch attempt 1 at 20:16:33
351 verbose fetch to= /tmp/npm-7884-f4ORyAWs/registry.npmjs.org/protractor/-/protractor-2.1.0.tgz
352 http GET https://registry.npmjs.org/protractor/-/protractor-2.1.0.tgz
353 http 200 https://registry.npmjs.org/http-server/-/http-server-0.6.1.tgz
354 http 200 https://registry.npmjs.org/karma-junit-reporter/-/karma-junit-reporter-0.2.2.tgz
355 silly lockFile d2d30e51-r-karma-junit-reporter-0-2-2-tgz https://registry.npmjs.org/karma-junit-reporter/-/karma-junit-reporter-0.2.2.tgz
356 silly lockFile d2d30e51-r-karma-junit-reporter-0-2-2-tgz https://registry.npmjs.org/karma-junit-reporter/-/karma-junit-reporter-0.2.2.tgz
357 silly lockFile 9c865114-karma-junit-reporter-0-2-2 karma-junit-reporter@0.2.2
358 silly lockFile 9c865114-karma-junit-reporter-0-2-2 karma-junit-reporter@0.2.2
359 silly lockFile 6934e75d-karma-junit-reporter-0-2-2 karma-junit-reporter@^0.2.2
360 silly lockFile 6934e75d-karma-junit-reporter-0-2-2 karma-junit-reporter@^0.2.2
361 http 200 https://registry.npmjs.org/protractor/-/protractor-2.1.0.tgz
362 http 200 https://registry.npmjs.org/karma
363 silly registry.get cb [ 200,
363 silly registry.get   { server: 'CouchDB/1.5.0 (Erlang OTP/R16B03)',
363 silly registry.get     etag: '"ESJG7Y6LJI8WWQ9DQTRJ4LUOI"',
363 silly registry.get     'content-type': 'application/json',
363 silly registry.get     'cache-control': 'max-age=60',
363 silly registry.get     'content-length': '859630',
363 silly registry.get     'accept-ranges': 'bytes',
363 silly registry.get     date: 'Thu, 09 Jul 2015 12:16:32 GMT',
363 silly registry.get     via: '1.1 varnish',
363 silly registry.get     age: '0',
363 silly registry.get     connection: 'keep-alive',
363 silly registry.get     'x-served-by': 'cache-nrt6128-NRT',
363 silly registry.get     'x-cache': 'HIT',
363 silly registry.get     'x-cache-hits': '1',
363 silly registry.get     'x-timer': 'S1436444192.784250,VS0,VE109',
363 silly registry.get     vary: 'Accept' } ]
364 silly addNameRange number 2 { name: 'karma', range: '>=0.12.0-0 <0.13.0-0', hasData: true }
365 silly addNameRange versions [ 'karma',
365 silly addNameRange   [ '0.8.0',
365 silly addNameRange     '0.9.0-dart',
365 silly addNameRange     '0.8.1',
365 silly addNameRange     '0.8.2',
365 silly addNameRange     '0.8.3',
365 silly addNameRange     '0.9.0',
365 silly addNameRange     '0.8.4',
365 silly addNameRange     '0.9.1',
365 silly addNameRange     '0.8.5',
365 silly addNameRange     '0.9.2',
365 silly addNameRange     '0.9.2-dart',
365 silly addNameRange     '0.9.3',
365 silly addNameRange     '0.8.6',
365 silly addNameRange     '0.9.4',
365 silly addNameRange     '0.8.7',
365 silly addNameRange     '0.9.5',
365 silly addNameRange     '0.9.6',
365 silly addNameRange     '0.8.8',
365 silly addNameRange     '0.9.7',
365 silly addNameRange     '0.9.8',
365 silly addNameRange     '0.10.0',
365 silly addNameRange     '0.10.1',
365 silly addNameRange     '0.10.2',
365 silly addNameRange     '0.11.0',
365 silly addNameRange     '0.11.1',
365 silly addNameRange     '0.10.3',
365 silly addNameRange     '0.10.4',
365 silly addNameRange     '0.11.2',
365 silly addNameRange     '0.11.3',
365 silly addNameRange     '0.10.5',
365 silly addNameRange     '0.11.4',
365 silly addNameRange     '0.11.5',
365 silly addNameRange     '0.10.6',
365 silly addNameRange     '0.11.6',
365 silly addNameRange     '0.10.7',
365 silly addNameRange     '0.11.7',
365 silly addNameRange     '0.11.8',
365 silly addNameRange     '0.11.9',
365 silly addNameRange     '0.10.8',
365 silly addNameRange     '0.11.10',
365 silly addNameRange     '0.11.11',
365 silly addNameRange     '0.11.12',
365 silly addNameRange     '0.11.11-dev',
365 silly addNameRange     '0.10.9',
365 silly addNameRange     '0.11.12-dev',
365 silly addNameRange     '0.11.12-dev2',
365 silly addNameRange     '0.11.13',
365 silly addNameRange     '0.11.14',
365 silly addNameRange     '0.12.0',
365 silly addNameRange     '0.10.10',
365 silly addNameRange     '0.12.1',
365 silly addNameRange     '0.12.2',
365 silly addNameRange     '0.12.3',
365 silly addNameRange     '0.12.4',
365 silly addNameRange     '0.12.5',
365 silly addNameRange     '0.12.6',
365 silly addNameRange     '0.12.6-beta-43e6e28',
365 silly addNameRange     '0.12.7',
365 silly addNameRange     '0.12.8',
365 silly addNameRange     '0.12.9',
365 silly addNameRange     '0.12.10',
365 silly addNameRange     '0.12.11',
365 silly addNameRange     '0.12.12',
365 silly addNameRange     '0.12.11-beta-3029418',
365 silly addNameRange     '0.12.13',
365 silly addNameRange     '0.12.14',
365 silly addNameRange     '0.12.15',
365 silly addNameRange     '0.12.16',
365 silly addNameRange     '0.12.16-beta-905422d',
365 silly addNameRange     '0.12.17',
365 silly addNameRange     '0.12.18',
365 silly addNameRange     '0.12.19',
365 silly addNameRange     '0.12.20',
365 silly addNameRange     '0.12.21',
365 silly addNameRange     '0.12.22',
365 silly addNameRange     '0.12.23',
365 silly addNameRange     '0.12.24',
365 silly addNameRange     '0.12.24-beta-6cf7955',
365 silly addNameRange     '0.12.25',
365 silly addNameRange     '0.12.25-beta-37a7958',
365 silly addNameRange     '0.12.25-beta-ad5bc24',
365 silly addNameRange     '0.12.26',
365 silly addNameRange     '0.12.27',
365 silly addNameRange     '0.12.28',
365 silly addNameRange     '0.12.28-beta-b9be580',
365 silly addNameRange     '0.12.29',
365 silly addNameRange     '0.12.30',
365 silly addNameRange     '0.12.31',
365 silly addNameRange     '0.12.28-beta-f65c864',
365 silly addNameRange     '0.12.24-dev-test',
365 silly addNameRange     '0.12.24-dev-socketio10',
365 silly addNameRange     '0.12.24-dev-socketio10-2',
365 silly addNameRange     '0.12.32-beta.0',
365 silly addNameRange     '0.12.32',
365 silly addNameRange     '0.13.0-rc.0',
365 silly addNameRange     '0.12.33',
365 silly addNameRange     '0.13.0-rc.1',
365 silly addNameRange     '0.12.34',
365 silly addNameRange     '0.13.0-rc.2',
365 silly addNameRange     '0.12.35',
365 silly addNameRange     '0.13.0-rc.3',
365 silly addNameRange     '0.12.36',
365 silly addNameRange     '0.13.0-rc.4',
365 silly addNameRange     '0.12.37',
365 silly addNameRange     '0.13.0-rc.5',
365 silly addNameRange     '0.13.0-rc.6',
365 silly addNameRange     '0.13.0-rc.7',
365 silly addNameRange     '0.13.0-rc.8' ] ]
366 verbose addNamed [ 'karma', '0.12.37' ]
367 verbose addNamed [ '0.12.37', '0.12.37' ]
368 silly lockFile 43ccbf2f-karma-0-12-37 karma@0.12.37
369 verbose lock karma@0.12.37 /home/ld/.npm/43ccbf2f-karma-0-12-37.lock
370 silly lockFile f54763d2-pmjs-org-karma-karma-0-12-37-tgz https://registry.npmjs.org/karma/-/karma-0.12.37.tgz
371 verbose lock https://registry.npmjs.org/karma/-/karma-0.12.37.tgz /home/ld/.npm/f54763d2-pmjs-org-karma-karma-0-12-37-tgz.lock
372 verbose addRemoteTarball [ 'https://registry.npmjs.org/karma/-/karma-0.12.37.tgz',
372 verbose addRemoteTarball   '1a9f7fdeccd69de2e835e04edbac2ecd3fa645e4' ]
373 info retry fetch attempt 1 at 20:16:35
374 verbose fetch to= /tmp/npm-7884-f4ORyAWs/registry.npmjs.org/karma/-/karma-0.12.37.tgz
375 http GET https://registry.npmjs.org/karma/-/karma-0.12.37.tgz
376 silly lockFile e85f7be5--protractor-protractor-2-1-0-tgz https://registry.npmjs.org/protractor/-/protractor-2.1.0.tgz
377 silly lockFile e85f7be5--protractor-protractor-2-1-0-tgz https://registry.npmjs.org/protractor/-/protractor-2.1.0.tgz
378 silly lockFile fbf5a15e-protractor-2-1-0 protractor@2.1.0
379 silly lockFile fbf5a15e-protractor-2-1-0 protractor@2.1.0
380 silly lockFile 1d3f6f46-protractor-2-1-0 protractor@^2.1.0
381 silly lockFile 1d3f6f46-protractor-2-1-0 protractor@^2.1.0
382 silly lockFile c3f4b4b6-ttp-server-http-server-0-6-1-tgz https://registry.npmjs.org/http-server/-/http-server-0.6.1.tgz
383 silly lockFile c3f4b4b6-ttp-server-http-server-0-6-1-tgz https://registry.npmjs.org/http-server/-/http-server-0.6.1.tgz
384 silly lockFile 1e2b2518-http-server-0-6-1 http-server@0.6.1
385 silly lockFile 1e2b2518-http-server-0-6-1 http-server@0.6.1
386 silly lockFile e7eeaefd-http-server-0-6-1 http-server@^0.6.1
387 silly lockFile e7eeaefd-http-server-0-6-1 http-server@^0.6.1
388 http 200 https://registry.npmjs.org/karma/-/karma-0.12.37.tgz
389 silly lockFile f54763d2-pmjs-org-karma-karma-0-12-37-tgz https://registry.npmjs.org/karma/-/karma-0.12.37.tgz
390 silly lockFile f54763d2-pmjs-org-karma-karma-0-12-37-tgz https://registry.npmjs.org/karma/-/karma-0.12.37.tgz
391 silly lockFile 43ccbf2f-karma-0-12-37 karma@0.12.37
392 silly lockFile 43ccbf2f-karma-0-12-37 karma@0.12.37
393 silly lockFile 0424ac46-karma-0-12 karma@~0.12
394 silly lockFile 0424ac46-karma-0-12 karma@~0.12
395 error Error: EACCES, mkdir '/home/ld/.npm/shelljs/0.2.6'
395 error  { [Error: EACCES, mkdir '/home/ld/.npm/shelljs/0.2.6']
395 error   errno: 3,
395 error   code: 'EACCES',
395 error   path: '/home/ld/.npm/shelljs/0.2.6',
395 error   parent: 'angular-seed' }
396 error Please try running this command again as root/Administrator.
397 error System Linux 3.13.0-55-generic
398 error command "/usr/bin/node" "/usr/bin/npm" "install"
399 error cwd /home/ld/workspace/angular-seed
400 error node -v v0.10.37
401 error npm -v 1.4.28
402 error path /home/ld/.npm/shelljs/0.2.6
403 error code EACCES
404 error errno 3
405 error stack Error: EACCES, mkdir '/home/ld/.npm/shelljs/0.2.6'
406 verbose exit [ 3, true ]
